[0.030s] Invoking command in '/home/virtual/project/webots_ros2/simple/build/my_package': CMAKE_PREFIX_PATH=${CMAKE_PREFIX_PATH}:/home/virtual/project/webots_ros2/webots_ros2_test/install/webots_ros2:/home/virtual/project/webots_ros2/webots_ros2_test/install/webots_ros2_universal_robot:/home/virtual/project/webots_ros2/webots_ros2_test/install/webots_ros2_turtlebot:/home/virtual/project/webots_ros2/webots_ros2_test/install/webots_ros2_tiago:/home/virtual/project/webots_ros2/webots_ros2_test/install/webots_ros2_tests:/home/virtual/project/webots_ros2/webots_ros2_test/install/webots_ros2_tesla:/home/virtual/project/webots_ros2/webots_ros2_test/install/webots_ros2_mavic:/home/virtual/project/webots_ros2/webots_ros2_test/install/webots_ros2_epuck:/home/virtual/project/webots_ros2/webots_ros2_test/install/webots_ros2_importer:/opt/ros/humble /usr/bin/cmake /home/virtual/project/webots_ros2/simple/src/my_package -DCMAKE_INSTALL_PREFIX=/home/virtual/project/webots_ros2/simple/install/my_package
[0.351s] -- The C compiler identification is GNU 11.4.0
[0.663s] -- The CXX compiler identification is GNU 11.4.0
[0.685s] -- Detecting C compiler ABI info
[0.855s] -- Detecting C compiler ABI info - done
[0.865s] -- Check for working C compiler: /usr/bin/cc - skipped
[0.867s] -- Detecting C compile features
[0.869s] -- Detecting C compile features - done
[0.876s] -- Detecting CXX compiler ABI info
[1.050s] -- Detecting CXX compiler ABI info - done
[1.062s] -- Check for working CXX compiler: /usr/bin/c++ - skipped
[1.063s] -- Detecting CXX compile features
[1.064s] -- Detecting CXX compile features - done
[1.079s] -- Found ament_cmake: 1.3.11 (/opt/ros/humble/share/ament_cmake/cmake)
[1.423s] -- Found Python3: /usr/bin/python3 (found version "3.10.12") found components: Interpreter 
[1.707s] -- Found rclcpp: 16.0.11 (/opt/ros/humble/share/rclcpp/cmake)
[1.859s] -- Found rosidl_generator_c: 3.1.6 (/opt/ros/humble/share/rosidl_generator_c/cmake)
[1.879s] -- Found rosidl_adapter: 3.1.6 (/opt/ros/humble/share/rosidl_adapter/cmake)
[1.906s] -- Found rosidl_generator_cpp: 3.1.6 (/opt/ros/humble/share/rosidl_generator_cpp/cmake)
[1.951s] -- Using all available rosidl_typesupport_c: rosidl_typesupport_fastrtps_c;rosidl_typesupport_introspection_c
[2.005s] -- Using all available rosidl_typesupport_cpp: rosidl_typesupport_fastrtps_cpp;rosidl_typesupport_introspection_cpp
[2.158s] -- Found rmw_implementation_cmake: 6.1.2 (/opt/ros/humble/share/rmw_implementation_cmake/cmake)
[2.171s] -- Found rmw_fastrtps_cpp: 6.2.7 (/opt/ros/humble/share/rmw_fastrtps_cpp/cmake)
[2.416s] -- Found OpenSSL: /usr/lib/x86_64-linux-gnu/libcrypto.so (found version "3.0.2")  
[2.474s] -- Found FastRTPS: /opt/ros/humble/include  
[2.561s] -- Using RMW implementation 'rmw_fastrtps_cpp' as default
[2.596s] -- Looking for pthread.h
[2.778s] -- Looking for pthread.h - found
[2.779s] -- Performing Test CMAKE_HAVE_LIBC_PTHREAD
[2.951s] -- Performing Test CMAKE_HAVE_LIBC_PTHREAD - Success
[2.953s] -- Found Threads: TRUE  
[3.107s] -- Found geometry_msgs: 4.2.4 (/opt/ros/humble/share/geometry_msgs/cmake)
[3.148s] -- Found pluginlib: 5.1.0 (/opt/ros/humble/share/pluginlib/cmake)
[3.224s] -- Found webots_ros2_driver: 2023.1.3 (/home/virtual/project/webots_ros2/webots_ros2_test/install/webots_ros2_driver/share/webots_ros2_driver/cmake)
[3.347s] -- Found eigen3_cmake_module: 0.1.1 (/opt/ros/humble/share/eigen3_cmake_module/cmake)
[3.350s] -- Found Eigen3: TRUE (found version "3.4.0") 
[3.350s] -- Ensuring Eigen3 include directory is part of orocos-kdl CMake target
[3.939s] -- Configuring done
[4.024s] -- Generating done
[4.035s] -- Build files have been written to: /home/virtual/project/webots_ros2/simple/build/my_package
[4.057s] Invoked command in '/home/virtual/project/webots_ros2/simple/build/my_package' returned '0': CMAKE_PREFIX_PATH=${CMAKE_PREFIX_PATH}:/home/virtual/project/webots_ros2/webots_ros2_test/install/webots_ros2:/home/virtual/project/webots_ros2/webots_ros2_test/install/webots_ros2_universal_robot:/home/virtual/project/webots_ros2/webots_ros2_test/install/webots_ros2_turtlebot:/home/virtual/project/webots_ros2/webots_ros2_test/install/webots_ros2_tiago:/home/virtual/project/webots_ros2/webots_ros2_test/install/webots_ros2_tests:/home/virtual/project/webots_ros2/webots_ros2_test/install/webots_ros2_tesla:/home/virtual/project/webots_ros2/webots_ros2_test/install/webots_ros2_mavic:/home/virtual/project/webots_ros2/webots_ros2_test/install/webots_ros2_epuck:/home/virtual/project/webots_ros2/webots_ros2_test/install/webots_ros2_importer:/opt/ros/humble /usr/bin/cmake /home/virtual/project/webots_ros2/simple/src/my_package -DCMAKE_INSTALL_PREFIX=/home/virtual/project/webots_ros2/simple/install/my_package
[4.061s] Invoking command in '/home/virtual/project/webots_ros2/simple/build/my_package': CMAKE_PREFIX_PATH=${CMAKE_PREFIX_PATH}:/home/virtual/project/webots_ros2/webots_ros2_test/install/webots_ros2:/home/virtual/project/webots_ros2/webots_ros2_test/install/webots_ros2_universal_robot:/home/virtual/project/webots_ros2/webots_ros2_test/install/webots_ros2_turtlebot:/home/virtual/project/webots_ros2/webots_ros2_test/install/webots_ros2_tiago:/home/virtual/project/webots_ros2/webots_ros2_test/install/webots_ros2_tests:/home/virtual/project/webots_ros2/webots_ros2_test/install/webots_ros2_tesla:/home/virtual/project/webots_ros2/webots_ros2_test/install/webots_ros2_mavic:/home/virtual/project/webots_ros2/webots_ros2_test/install/webots_ros2_epuck:/home/virtual/project/webots_ros2/webots_ros2_test/install/webots_ros2_importer:/opt/ros/humble /usr/bin/cmake --build /home/virtual/project/webots_ros2/simple/build/my_package -- -j4 -l4
[4.183s] [ 50%] [32mBuilding CXX object CMakeFiles/my_package.dir/src/MyRobotDriver.cpp.o[0m
[25.068s] [100%] [32m[1mLinking CXX shared library libmy_package.so[0m
[25.966s] [100%] Built target my_package
[25.990s] Invoked command in '/home/virtual/project/webots_ros2/simple/build/my_package' returned '0': CMAKE_PREFIX_PATH=${CMAKE_PREFIX_PATH}:/home/virtual/project/webots_ros2/webots_ros2_test/install/webots_ros2:/home/virtual/project/webots_ros2/webots_ros2_test/install/webots_ros2_universal_robot:/home/virtual/project/webots_ros2/webots_ros2_test/install/webots_ros2_turtlebot:/home/virtual/project/webots_ros2/webots_ros2_test/install/webots_ros2_tiago:/home/virtual/project/webots_ros2/webots_ros2_test/install/webots_ros2_tests:/home/virtual/project/webots_ros2/webots_ros2_test/install/webots_ros2_tesla:/home/virtual/project/webots_ros2/webots_ros2_test/install/webots_ros2_mavic:/home/virtual/project/webots_ros2/webots_ros2_test/install/webots_ros2_epuck:/home/virtual/project/webots_ros2/webots_ros2_test/install/webots_ros2_importer:/opt/ros/humble /usr/bin/cmake --build /home/virtual/project/webots_ros2/simple/build/my_package -- -j4 -l4
[26.013s] Invoking command in '/home/virtual/project/webots_ros2/simple/build/my_package': CMAKE_PREFIX_PATH=${CMAKE_PREFIX_PATH}:/home/virtual/project/webots_ros2/webots_ros2_test/install/webots_ros2:/home/virtual/project/webots_ros2/webots_ros2_test/install/webots_ros2_universal_robot:/home/virtual/project/webots_ros2/webots_ros2_test/install/webots_ros2_turtlebot:/home/virtual/project/webots_ros2/webots_ros2_test/install/webots_ros2_tiago:/home/virtual/project/webots_ros2/webots_ros2_test/install/webots_ros2_tests:/home/virtual/project/webots_ros2/webots_ros2_test/install/webots_ros2_tesla:/home/virtual/project/webots_ros2/webots_ros2_test/install/webots_ros2_mavic:/home/virtual/project/webots_ros2/webots_ros2_test/install/webots_ros2_epuck:/home/virtual/project/webots_ros2/webots_ros2_test/install/webots_ros2_importer:/opt/ros/humble /usr/bin/cmake --install /home/virtual/project/webots_ros2/simple/build/my_package
[26.032s] -- Install configuration: ""
[26.032s] -- Installing: /home/virtual/project/webots_ros2/simple/install/my_package/share/my_package/my_robot_driver.xml
[26.033s] -- Installing: /home/virtual/project/webots_ros2/simple/install/my_package/lib/libmy_package.so
[26.045s] -- Set runtime path of "/home/virtual/project/webots_ros2/simple/install/my_package/lib/libmy_package.so" to ""
[26.045s] -- Installing: /home/virtual/project/webots_ros2/simple/install/my_package/share/my_package//launch
[26.046s] -- Installing: /home/virtual/project/webots_ros2/simple/install/my_package/share/my_package//launch/robot_launch.py
[26.046s] -- Installing: /home/virtual/project/webots_ros2/simple/install/my_package/share/my_package//resource
[26.046s] -- Installing: /home/virtual/project/webots_ros2/simple/install/my_package/share/my_package//resource/my_robot.urdf
[26.046s] -- Installing: /home/virtual/project/webots_ros2/simple/install/my_package/share/my_package//worlds
[26.047s] -- Installing: /home/virtual/project/webots_ros2/simple/install/my_package/share/my_package//worlds/my_world.wbt
[26.047s] -- Installing: /home/virtual/project/webots_ros2/simple/install/my_package/share/my_package/environment/library_path.sh
[26.047s] -- Installing: /home/virtual/project/webots_ros2/simple/install/my_package/share/my_package/environment/library_path.dsv
[26.047s] -- Installing: /home/virtual/project/webots_ros2/simple/install/my_package/share/ament_index/resource_index/package_run_dependencies/my_package
[26.048s] -- Installing: /home/virtual/project/webots_ros2/simple/install/my_package/share/ament_index/resource_index/parent_prefix_path/my_package
[26.048s] -- Installing: /home/virtual/project/webots_ros2/simple/install/my_package/share/my_package/environment/ament_prefix_path.sh
[26.048s] -- Installing: /home/virtual/project/webots_ros2/simple/install/my_package/share/my_package/environment/ament_prefix_path.dsv
[26.048s] -- Installing: /home/virtual/project/webots_ros2/simple/install/my_package/share/my_package/environment/path.sh
[26.048s] -- Installing: /home/virtual/project/webots_ros2/simple/install/my_package/share/my_package/environment/path.dsv
[26.049s] -- Installing: /home/virtual/project/webots_ros2/simple/install/my_package/share/my_package/local_setup.bash
[26.049s] -- Installing: /home/virtual/project/webots_ros2/simple/install/my_package/share/my_package/local_setup.sh
[26.049s] -- Installing: /home/virtual/project/webots_ros2/simple/install/my_package/share/my_package/local_setup.zsh
[26.049s] -- Installing: /home/virtual/project/webots_ros2/simple/install/my_package/share/my_package/local_setup.dsv
[26.050s] -- Installing: /home/virtual/project/webots_ros2/simple/install/my_package/share/my_package/package.dsv
[26.050s] -- Installing: /home/virtual/project/webots_ros2/simple/install/my_package/share/ament_index/resource_index/packages/my_package
[26.051s] -- Installing: /home/virtual/project/webots_ros2/simple/install/my_package/share/ament_index/resource_index/webots_ros2_driver__pluginlib__plugin/my_package
[26.051s] -- Installing: /home/virtual/project/webots_ros2/simple/install/my_package/share/my_package/cmake/ament_cmake_export_include_directories-extras.cmake
[26.052s] -- Installing: /home/virtual/project/webots_ros2/simple/install/my_package/share/my_package/cmake/ament_cmake_export_libraries-extras.cmake
[26.052s] -- Installing: /home/virtual/project/webots_ros2/simple/install/my_package/share/my_package/cmake/my_packageConfig.cmake
[26.053s] -- Installing: /home/virtual/project/webots_ros2/simple/install/my_package/share/my_package/cmake/my_packageConfig-version.cmake
[26.053s] -- Installing: /home/virtual/project/webots_ros2/simple/install/my_package/share/my_package/package.xml
[26.058s] Invoked command in '/home/virtual/project/webots_ros2/simple/build/my_package' returned '0': CMAKE_PREFIX_PATH=${CMAKE_PREFIX_PATH}:/home/virtual/project/webots_ros2/webots_ros2_test/install/webots_ros2:/home/virtual/project/webots_ros2/webots_ros2_test/install/webots_ros2_universal_robot:/home/virtual/project/webots_ros2/webots_ros2_test/install/webots_ros2_turtlebot:/home/virtual/project/webots_ros2/webots_ros2_test/install/webots_ros2_tiago:/home/virtual/project/webots_ros2/webots_ros2_test/install/webots_ros2_tests:/home/virtual/project/webots_ros2/webots_ros2_test/install/webots_ros2_tesla:/home/virtual/project/webots_ros2/webots_ros2_test/install/webots_ros2_mavic:/home/virtual/project/webots_ros2/webots_ros2_test/install/webots_ros2_epuck:/home/virtual/project/webots_ros2/webots_ros2_test/install/webots_ros2_importer:/opt/ros/humble /usr/bin/cmake --install /home/virtual/project/webots_ros2/simple/build/my_package
