[0.351s] DEBUG:colcon:Command line arguments: ['/usr/bin/colcon', 'build']
[0.351s] DEBUG:colcon:Parsed command line arguments: Namespace(log_base=None, log_level=None, verb_name='build', build_base='build', install_base='install', merge_install=False, symlink_install=False, test_result_base=None, continue_on_error=False, executor='parallel', parallel_workers=4, event_handlers=None, ignore_user_meta=False, metas=['./colcon.meta'], base_paths=['.'], packages_ignore=None, packages_ignore_regex=None, paths=None, packages_up_to=None, packages_up_to_regex=None, packages_above=None, packages_above_and_dependencies=None, packages_above_depth=None, packages_select_by_dep=None, packages_skip_by_dep=None, packages_skip_up_to=None, packages_select_build_failed=False, packages_skip_build_finished=False, packages_select_test_failures=False, packages_skip_test_passed=False, packages_select=None, packages_skip=None, packages_select_regex=None, packages_skip_regex=None, packages_start=None, packages_end=None, allow_overriding=[], cmake_args=None, cmake_target=None, cmake_target_skip_unavailable=False, cmake_clean_cache=False, cmake_clean_first=False, cmake_force_configure=False, ament_cmake_args=None, catkin_cmake_args=None, catkin_skip_building_tests=False, mixin_files=None, mixin=None, verb_parser=<colcon_mixin.mixin.mixin_argument.MixinArgumentDecorator object at 0x7ebb3caf79d0>, verb_extension=<colcon_core.verb.build.BuildVerb object at 0x7ebb3caf7430>, main=<bound method BuildVerb.main of <colcon_core.verb.build.BuildVerb object at 0x7ebb3caf7430>>, mixin_verb=('build',))
[0.903s] Level 1:colcon.colcon_core.package_discovery:discover_packages(colcon_meta) check parameters
[0.903s] Level 1:colcon.colcon_core.package_discovery:discover_packages(recursive) check parameters
[0.903s] Level 1:colcon.colcon_core.package_discovery:discover_packages(ignore) check parameters
[0.903s] Level 1:colcon.colcon_core.package_discovery:discover_packages(path) check parameters
[0.903s] Level 1:colcon.colcon_core.package_discovery:discover_packages(colcon_meta) discover
[0.903s] Level 1:colcon.colcon_core.package_discovery:discover_packages(recursive) discover
[0.903s] INFO:colcon.colcon_core.package_discovery:Crawling recursively for packages in '/home/virtual/project/webots_ros2/simple'
[0.903s] Level 1:colcon.colcon_core.package_identification:_identify(.) by extensions ['ignore', 'ignore_ament_install']
[0.904s] Level 1:colcon.colcon_core.package_identification:_identify(.) by extension 'ignore'
[0.904s] Level 1:colcon.colcon_core.package_identification:_identify(.) by extension 'ignore_ament_install'
[0.904s] Level 1:colcon.colcon_core.package_identification:_identify(.) by extensions ['colcon_pkg']
[0.904s] Level 1:colcon.colcon_core.package_identification:_identify(.) by extension 'colcon_pkg'
[0.904s] Level 1:colcon.colcon_core.package_identification:_identify(.) by extensions ['colcon_meta']
[0.904s] Level 1:colcon.colcon_core.package_identification:_identify(.) by extension 'colcon_meta'
[0.904s] Level 1:colcon.colcon_core.package_identification:_identify(.) by extensions ['ros']
[0.904s] Level 1:colcon.colcon_core.package_identification:_identify(.) by extension 'ros'
[0.928s] Level 1:colcon.colcon_core.package_identification:_identify(.) by extensions ['cmake', 'python']
[0.928s] Level 1:colcon.colcon_core.package_identification:_identify(.) by extension 'cmake'
[0.928s] Level 1:colcon.colcon_core.package_identification:_identify(.) by extension 'python'
[0.928s] Level 1:colcon.colcon_core.package_identification:_identify(.) by extensions ['python_setup_py']
[0.928s] Level 1:colcon.colcon_core.package_identification:_identify(.) by extension 'python_setup_py'
[0.929s] Level 1:colcon.colcon_core.package_identification:_identify(build) by extensions ['ignore', 'ignore_ament_install']
[0.929s] Level 1:colcon.colcon_core.package_identification:_identify(build) by extension 'ignore'
[0.929s] Level 1:colcon.colcon_core.package_identification:_identify(build) ignored
[0.929s] Level 1:colcon.colcon_core.package_identification:_identify(install) by extensions ['ignore', 'ignore_ament_install']
[0.929s] Level 1:colcon.colcon_core.package_identification:_identify(install) by extension 'ignore'
[0.929s] Level 1:colcon.colcon_core.package_identification:_identify(install) ignored
[0.929s] Level 1:colcon.colcon_core.package_identification:_identify(log) by extensions ['ignore', 'ignore_ament_install']
[0.930s] Level 1:colcon.colcon_core.package_identification:_identify(log) by extension 'ignore'
[0.930s] Level 1:colcon.colcon_core.package_identification:_identify(log) ignored
[0.930s] Level 1:colcon.colcon_core.package_identification:_identify(src) by extensions ['ignore', 'ignore_ament_install']
[0.930s] Level 1:colcon.colcon_core.package_identification:_identify(src) by extension 'ignore'
[0.930s] Level 1:colcon.colcon_core.package_identification:_identify(src) by extension 'ignore_ament_install'
[0.930s] Level 1:colcon.colcon_core.package_identification:_identify(src) by extensions ['colcon_pkg']
[0.930s] Level 1:colcon.colcon_core.package_identification:_identify(src) by extension 'colcon_pkg'
[0.930s] Level 1:colcon.colcon_core.package_identification:_identify(src) by extensions ['colcon_meta']
[0.930s] Level 1:colcon.colcon_core.package_identification:_identify(src) by extension 'colcon_meta'
[0.930s] Level 1:colcon.colcon_core.package_identification:_identify(src) by extensions ['ros']
[0.930s] Level 1:colcon.colcon_core.package_identification:_identify(src) by extension 'ros'
[0.931s] Level 1:colcon.colcon_core.package_identification:_identify(src) by extensions ['cmake', 'python']
[0.931s] Level 1:colcon.colcon_core.package_identification:_identify(src) by extension 'cmake'
[0.931s] Level 1:colcon.colcon_core.package_identification:_identify(src) by extension 'python'
[0.931s] Level 1:colcon.colcon_core.package_identification:_identify(src) by extensions ['python_setup_py']
[0.931s] Level 1:colcon.colcon_core.package_identification:_identify(src) by extension 'python_setup_py'
[0.931s] Level 1:colcon.colcon_core.package_identification:_identify(src/my_package) by extensions ['ignore', 'ignore_ament_install']
[0.931s] Level 1:colcon.colcon_core.package_identification:_identify(src/my_package) by extension 'ignore'
[0.931s] Level 1:colcon.colcon_core.package_identification:_identify(src/my_package) by extension 'ignore_ament_install'
[0.932s] Level 1:colcon.colcon_core.package_identification:_identify(src/my_package) by extensions ['colcon_pkg']
[0.932s] Level 1:colcon.colcon_core.package_identification:_identify(src/my_package) by extension 'colcon_pkg'
[0.932s] Level 1:colcon.colcon_core.package_identification:_identify(src/my_package) by extensions ['colcon_meta']
[0.932s] Level 1:colcon.colcon_core.package_identification:_identify(src/my_package) by extension 'colcon_meta'
[0.932s] Level 1:colcon.colcon_core.package_identification:_identify(src/my_package) by extensions ['ros']
[0.932s] Level 1:colcon.colcon_core.package_identification:_identify(src/my_package) by extension 'ros'
[0.936s] DEBUG:colcon.colcon_core.package_identification:Package 'src/my_package' with type 'ros.ament_cmake' and name 'my_package'
[0.937s] Level 1:colcon.colcon_core.package_discovery:discover_packages(recursive) using defaults
[0.937s] Level 1:colcon.colcon_core.package_discovery:discover_packages(ignore) discover
[0.937s] Level 1:colcon.colcon_core.package_discovery:discover_packages(ignore) using defaults
[0.937s] Level 1:colcon.colcon_core.package_discovery:discover_packages(path) discover
[0.937s] Level 1:colcon.colcon_core.package_discovery:discover_packages(path) using defaults
[1.007s] Level 1:colcon.colcon_core.package_discovery:discover_packages(prefix_path) check parameters
[1.007s] Level 1:colcon.colcon_core.package_discovery:discover_packages(prefix_path) discover
[1.016s] DEBUG:colcon.colcon_installed_package_information.package_discovery:Found 12 installed packages in /home/virtual/project/webots_ros2/webots_ros2_test/install
[1.019s] DEBUG:colcon.colcon_installed_package_information.package_discovery:Found 301 installed packages in /opt/ros/humble
[1.022s] Level 1:colcon.colcon_core.package_discovery:discover_packages(prefix_path) using defaults
[1.122s] Level 5:colcon.colcon_core.verb:set package 'my_package' build argument 'cmake_args' from command line to 'None'
[1.122s] Level 5:colcon.colcon_core.verb:set package 'my_package' build argument 'cmake_target' from command line to 'None'
[1.122s] Level 5:colcon.colcon_core.verb:set package 'my_package' build argument 'cmake_target_skip_unavailable' from command line to 'False'
[1.122s] Level 5:colcon.colcon_core.verb:set package 'my_package' build argument 'cmake_clean_cache' from command line to 'False'
[1.123s] Level 5:colcon.colcon_core.verb:set package 'my_package' build argument 'cmake_clean_first' from command line to 'False'
[1.123s] Level 5:colcon.colcon_core.verb:set package 'my_package' build argument 'cmake_force_configure' from command line to 'False'
[1.123s] Level 5:colcon.colcon_core.verb:set package 'my_package' build argument 'ament_cmake_args' from command line to 'None'
[1.123s] Level 5:colcon.colcon_core.verb:set package 'my_package' build argument 'catkin_cmake_args' from command line to 'None'
[1.123s] Level 5:colcon.colcon_core.verb:set package 'my_package' build argument 'catkin_skip_building_tests' from command line to 'False'
[1.123s] DEBUG:colcon.colcon_core.verb:Building package 'my_package' with the following arguments: {'ament_cmake_args': None, 'build_base': '/home/virtual/project/webots_ros2/simple/build/my_package', 'catkin_cmake_args': None, 'catkin_skip_building_tests': False, 'cmake_args': None, 'cmake_clean_cache': False, 'cmake_clean_first': False, 'cmake_force_configure': False, 'cmake_target': None, 'cmake_target_skip_unavailable': False, 'install_base': '/home/virtual/project/webots_ros2/simple/install/my_package', 'merge_install': False, 'path': '/home/virtual/project/webots_ros2/simple/src/my_package', 'symlink_install': False, 'test_result_base': None}
[1.123s] INFO:colcon.colcon_core.executor:Executing jobs using 'parallel' executor
[1.125s] DEBUG:colcon.colcon_parallel_executor.executor.parallel:run_until_complete
[1.125s] INFO:colcon.colcon_ros.task.ament_cmake.build:Building ROS package in '/home/virtual/project/webots_ros2/simple/src/my_package' with build type 'ament_cmake'
[1.125s] INFO:colcon.colcon_cmake.task.cmake.build:Building CMake package in '/home/virtual/project/webots_ros2/simple/src/my_package'
[1.137s] INFO:colcon.colcon_core.plugin_system:Skipping extension 'colcon_core.shell.bat': Not used on non-Windows systems
[1.138s] INFO:colcon.colcon_core.shell:Skip shell extension 'powershell' for command environment: Not usable outside of PowerShell
[1.138s] DEBUG:colcon.colcon_core.shell:Skip shell extension 'dsv' for command environment
[1.157s] DEBUG:colcon.colcon_core.event_handler.log_command:Invoking command in '/home/virtual/project/webots_ros2/simple/build/my_package': CMAKE_PREFIX_PATH=${CMAKE_PREFIX_PATH}:/home/virtual/project/webots_ros2/webots_ros2_test/install/webots_ros2:/home/virtual/project/webots_ros2/webots_ros2_test/install/webots_ros2_universal_robot:/home/virtual/project/webots_ros2/webots_ros2_test/install/webots_ros2_turtlebot:/home/virtual/project/webots_ros2/webots_ros2_test/install/webots_ros2_tiago:/home/virtual/project/webots_ros2/webots_ros2_test/install/webots_ros2_tests:/home/virtual/project/webots_ros2/webots_ros2_test/install/webots_ros2_tesla:/home/virtual/project/webots_ros2/webots_ros2_test/install/webots_ros2_mavic:/home/virtual/project/webots_ros2/webots_ros2_test/install/webots_ros2_epuck:/home/virtual/project/webots_ros2/webots_ros2_test/install/webots_ros2_importer:/opt/ros/humble /usr/bin/cmake /home/virtual/project/webots_ros2/simple/src/my_package -DCMAKE_INSTALL_PREFIX=/home/virtual/project/webots_ros2/simple/install/my_package
[5.184s] DEBUG:colcon.colcon_core.event_handler.log_command:Invoked command in '/home/virtual/project/webots_ros2/simple/build/my_package' returned '0': CMAKE_PREFIX_PATH=${CMAKE_PREFIX_PATH}:/home/virtual/project/webots_ros2/webots_ros2_test/install/webots_ros2:/home/virtual/project/webots_ros2/webots_ros2_test/install/webots_ros2_universal_robot:/home/virtual/project/webots_ros2/webots_ros2_test/install/webots_ros2_turtlebot:/home/virtual/project/webots_ros2/webots_ros2_test/install/webots_ros2_tiago:/home/virtual/project/webots_ros2/webots_ros2_test/install/webots_ros2_tests:/home/virtual/project/webots_ros2/webots_ros2_test/install/webots_ros2_tesla:/home/virtual/project/webots_ros2/webots_ros2_test/install/webots_ros2_mavic:/home/virtual/project/webots_ros2/webots_ros2_test/install/webots_ros2_epuck:/home/virtual/project/webots_ros2/webots_ros2_test/install/webots_ros2_importer:/opt/ros/humble /usr/bin/cmake /home/virtual/project/webots_ros2/simple/src/my_package -DCMAKE_INSTALL_PREFIX=/home/virtual/project/webots_ros2/simple/install/my_package
[5.189s] DEBUG:colcon.colcon_core.event_handler.log_command:Invoking command in '/home/virtual/project/webots_ros2/simple/build/my_package': CMAKE_PREFIX_PATH=${CMAKE_PREFIX_PATH}:/home/virtual/project/webots_ros2/webots_ros2_test/install/webots_ros2:/home/virtual/project/webots_ros2/webots_ros2_test/install/webots_ros2_universal_robot:/home/virtual/project/webots_ros2/webots_ros2_test/install/webots_ros2_turtlebot:/home/virtual/project/webots_ros2/webots_ros2_test/install/webots_ros2_tiago:/home/virtual/project/webots_ros2/webots_ros2_test/install/webots_ros2_tests:/home/virtual/project/webots_ros2/webots_ros2_test/install/webots_ros2_tesla:/home/virtual/project/webots_ros2/webots_ros2_test/install/webots_ros2_mavic:/home/virtual/project/webots_ros2/webots_ros2_test/install/webots_ros2_epuck:/home/virtual/project/webots_ros2/webots_ros2_test/install/webots_ros2_importer:/opt/ros/humble /usr/bin/cmake --build /home/virtual/project/webots_ros2/simple/build/my_package -- -j4 -l4
[27.117s] DEBUG:colcon.colcon_core.event_handler.log_command:Invoked command in '/home/virtual/project/webots_ros2/simple/build/my_package' returned '0': CMAKE_PREFIX_PATH=${CMAKE_PREFIX_PATH}:/home/virtual/project/webots_ros2/webots_ros2_test/install/webots_ros2:/home/virtual/project/webots_ros2/webots_ros2_test/install/webots_ros2_universal_robot:/home/virtual/project/webots_ros2/webots_ros2_test/install/webots_ros2_turtlebot:/home/virtual/project/webots_ros2/webots_ros2_test/install/webots_ros2_tiago:/home/virtual/project/webots_ros2/webots_ros2_test/install/webots_ros2_tests:/home/virtual/project/webots_ros2/webots_ros2_test/install/webots_ros2_tesla:/home/virtual/project/webots_ros2/webots_ros2_test/install/webots_ros2_mavic:/home/virtual/project/webots_ros2/webots_ros2_test/install/webots_ros2_epuck:/home/virtual/project/webots_ros2/webots_ros2_test/install/webots_ros2_importer:/opt/ros/humble /usr/bin/cmake --build /home/virtual/project/webots_ros2/simple/build/my_package -- -j4 -l4
[27.141s] DEBUG:colcon.colcon_core.event_handler.log_command:Invoking command in '/home/virtual/project/webots_ros2/simple/build/my_package': CMAKE_PREFIX_PATH=${CMAKE_PREFIX_PATH}:/home/virtual/project/webots_ros2/webots_ros2_test/install/webots_ros2:/home/virtual/project/webots_ros2/webots_ros2_test/install/webots_ros2_universal_robot:/home/virtual/project/webots_ros2/webots_ros2_test/install/webots_ros2_turtlebot:/home/virtual/project/webots_ros2/webots_ros2_test/install/webots_ros2_tiago:/home/virtual/project/webots_ros2/webots_ros2_test/install/webots_ros2_tests:/home/virtual/project/webots_ros2/webots_ros2_test/install/webots_ros2_tesla:/home/virtual/project/webots_ros2/webots_ros2_test/install/webots_ros2_mavic:/home/virtual/project/webots_ros2/webots_ros2_test/install/webots_ros2_epuck:/home/virtual/project/webots_ros2/webots_ros2_test/install/webots_ros2_importer:/opt/ros/humble /usr/bin/cmake --install /home/virtual/project/webots_ros2/simple/build/my_package
[27.183s] Level 1:colcon.colcon_core.environment:create_environment_scripts_only(my_package)
[27.184s] DEBUG:colcon.colcon_core.event_handler.log_command:Invoked command in '/home/virtual/project/webots_ros2/simple/build/my_package' returned '0': CMAKE_PREFIX_PATH=${CMAKE_PREFIX_PATH}:/home/virtual/project/webots_ros2/webots_ros2_test/install/webots_ros2:/home/virtual/project/webots_ros2/webots_ros2_test/install/webots_ros2_universal_robot:/home/virtual/project/webots_ros2/webots_ros2_test/install/webots_ros2_turtlebot:/home/virtual/project/webots_ros2/webots_ros2_test/install/webots_ros2_tiago:/home/virtual/project/webots_ros2/webots_ros2_test/install/webots_ros2_tests:/home/virtual/project/webots_ros2/webots_ros2_test/install/webots_ros2_tesla:/home/virtual/project/webots_ros2/webots_ros2_test/install/webots_ros2_mavic:/home/virtual/project/webots_ros2/webots_ros2_test/install/webots_ros2_epuck:/home/virtual/project/webots_ros2/webots_ros2_test/install/webots_ros2_importer:/opt/ros/humble /usr/bin/cmake --install /home/virtual/project/webots_ros2/simple/build/my_package
[27.197s] Level 1:colcon.colcon_core.environment:checking '/home/virtual/project/webots_ros2/simple/install/my_package' for CMake module files
[27.199s] Level 1:colcon.colcon_core.environment:checking '/home/virtual/project/webots_ros2/simple/install/my_package' for CMake config files
[27.199s] Level 1:colcon.colcon_core.shell:create_environment_hook('my_package', 'cmake_prefix_path')
[27.200s] INFO:colcon.colcon_core.shell:Creating environment hook '/home/virtual/project/webots_ros2/simple/install/my_package/share/my_package/hook/cmake_prefix_path.ps1'
[27.202s] INFO:colcon.colcon_core.shell:Creating environment descriptor '/home/virtual/project/webots_ros2/simple/install/my_package/share/my_package/hook/cmake_prefix_path.dsv'
[27.204s] INFO:colcon.colcon_core.shell:Creating environment hook '/home/virtual/project/webots_ros2/simple/install/my_package/share/my_package/hook/cmake_prefix_path.sh'
[27.205s] Level 1:colcon.colcon_core.environment:checking '/home/virtual/project/webots_ros2/simple/install/my_package/lib'
[27.205s] Level 1:colcon.colcon_core.shell:create_environment_hook('my_package', 'ld_library_path_lib')
[27.206s] INFO:colcon.colcon_core.shell:Creating environment hook '/home/virtual/project/webots_ros2/simple/install/my_package/share/my_package/hook/ld_library_path_lib.ps1'
[27.206s] INFO:colcon.colcon_core.shell:Creating environment descriptor '/home/virtual/project/webots_ros2/simple/install/my_package/share/my_package/hook/ld_library_path_lib.dsv'
[27.207s] INFO:colcon.colcon_core.shell:Creating environment hook '/home/virtual/project/webots_ros2/simple/install/my_package/share/my_package/hook/ld_library_path_lib.sh'
[27.208s] Level 1:colcon.colcon_core.environment:checking '/home/virtual/project/webots_ros2/simple/install/my_package/bin'
[27.208s] Level 1:colcon.colcon_core.environment:checking '/home/virtual/project/webots_ros2/simple/install/my_package/lib/pkgconfig/my_package.pc'
[27.208s] Level 1:colcon.colcon_core.environment:checking '/home/virtual/project/webots_ros2/simple/install/my_package/lib/python3.10/site-packages'
[27.209s] Level 1:colcon.colcon_core.environment:checking '/home/virtual/project/webots_ros2/simple/install/my_package/bin'
[27.209s] INFO:colcon.colcon_core.shell:Creating package script '/home/virtual/project/webots_ros2/simple/install/my_package/share/my_package/package.ps1'
[27.212s] INFO:colcon.colcon_core.shell:Creating package descriptor '/home/virtual/project/webots_ros2/simple/install/my_package/share/my_package/package.dsv'
[27.214s] INFO:colcon.colcon_core.shell:Creating package script '/home/virtual/project/webots_ros2/simple/install/my_package/share/my_package/package.sh'
[27.215s] INFO:colcon.colcon_core.shell:Creating package script '/home/virtual/project/webots_ros2/simple/install/my_package/share/my_package/package.bash'
[27.218s] INFO:colcon.colcon_core.shell:Creating package script '/home/virtual/project/webots_ros2/simple/install/my_package/share/my_package/package.zsh'
[27.220s] Level 1:colcon.colcon_core.environment:create_file_with_runtime_dependencies(/home/virtual/project/webots_ros2/simple/install/my_package/share/colcon-core/packages/my_package)
[27.221s] Level 1:colcon.colcon_core.environment:create_environment_scripts_only(my_package)
[27.221s] Level 1:colcon.colcon_core.environment:checking '/home/virtual/project/webots_ros2/simple/install/my_package' for CMake module files
[27.222s] Level 1:colcon.colcon_core.environment:checking '/home/virtual/project/webots_ros2/simple/install/my_package' for CMake config files
[27.223s] Level 1:colcon.colcon_core.shell:create_environment_hook('my_package', 'cmake_prefix_path')
[27.223s] INFO:colcon.colcon_core.shell:Creating environment hook '/home/virtual/project/webots_ros2/simple/install/my_package/share/my_package/hook/cmake_prefix_path.ps1'
[27.224s] INFO:colcon.colcon_core.shell:Creating environment descriptor '/home/virtual/project/webots_ros2/simple/install/my_package/share/my_package/hook/cmake_prefix_path.dsv'
[27.225s] INFO:colcon.colcon_core.shell:Creating environment hook '/home/virtual/project/webots_ros2/simple/install/my_package/share/my_package/hook/cmake_prefix_path.sh'
[27.226s] Level 1:colcon.colcon_core.environment:checking '/home/virtual/project/webots_ros2/simple/install/my_package/lib'
[27.226s] Level 1:colcon.colcon_core.shell:create_environment_hook('my_package', 'ld_library_path_lib')
[27.226s] INFO:colcon.colcon_core.shell:Creating environment hook '/home/virtual/project/webots_ros2/simple/install/my_package/share/my_package/hook/ld_library_path_lib.ps1'
[27.227s] INFO:colcon.colcon_core.shell:Creating environment descriptor '/home/virtual/project/webots_ros2/simple/install/my_package/share/my_package/hook/ld_library_path_lib.dsv'
[27.228s] INFO:colcon.colcon_core.shell:Creating environment hook '/home/virtual/project/webots_ros2/simple/install/my_package/share/my_package/hook/ld_library_path_lib.sh'
[27.229s] Level 1:colcon.colcon_core.environment:checking '/home/virtual/project/webots_ros2/simple/install/my_package/bin'
[27.229s] Level 1:colcon.colcon_core.environment:checking '/home/virtual/project/webots_ros2/simple/install/my_package/lib/pkgconfig/my_package.pc'
[27.229s] Level 1:colcon.colcon_core.environment:checking '/home/virtual/project/webots_ros2/simple/install/my_package/lib/python3.10/site-packages'
[27.229s] Level 1:colcon.colcon_core.environment:checking '/home/virtual/project/webots_ros2/simple/install/my_package/bin'
[27.230s] INFO:colcon.colcon_core.shell:Creating package script '/home/virtual/project/webots_ros2/simple/install/my_package/share/my_package/package.ps1'
[27.232s] INFO:colcon.colcon_core.shell:Creating package descriptor '/home/virtual/project/webots_ros2/simple/install/my_package/share/my_package/package.dsv'
[27.233s] INFO:colcon.colcon_core.shell:Creating package script '/home/virtual/project/webots_ros2/simple/install/my_package/share/my_package/package.sh'
[27.234s] INFO:colcon.colcon_core.shell:Creating package script '/home/virtual/project/webots_ros2/simple/install/my_package/share/my_package/package.bash'
[27.235s] INFO:colcon.colcon_core.shell:Creating package script '/home/virtual/project/webots_ros2/simple/install/my_package/share/my_package/package.zsh'
[27.236s] Level 1:colcon.colcon_core.environment:create_file_with_runtime_dependencies(/home/virtual/project/webots_ros2/simple/install/my_package/share/colcon-core/packages/my_package)
[27.236s] DEBUG:colcon.colcon_parallel_executor.executor.parallel:closing loop
[27.237s] DEBUG:colcon.colcon_parallel_executor.executor.parallel:loop closed
[27.237s] DEBUG:colcon.colcon_parallel_executor.executor.parallel:run_until_complete finished with '0'
[27.237s] DEBUG:colcon.colcon_core.event_reactor:joining thread
[27.251s] INFO:colcon.colcon_core.plugin_system:Skipping extension 'colcon_notification.desktop_notification.terminal_notifier': Not used on non-Darwin systems
[27.251s] INFO:colcon.colcon_core.plugin_system:Skipping extension 'colcon_notification.desktop_notification.win32': Not used on non-Windows systems
[27.251s] INFO:colcon.colcon_notification.desktop_notification:Sending desktop notification using 'notify2'
[27.283s] DEBUG:colcon.colcon_core.event_reactor:joined thread
[27.284s] INFO:colcon.colcon_core.shell:Creating prefix script '/home/virtual/project/webots_ros2/simple/install/local_setup.ps1'
[27.286s] INFO:colcon.colcon_core.shell:Creating prefix util module '/home/virtual/project/webots_ros2/simple/install/_local_setup_util_ps1.py'
[27.288s] INFO:colcon.colcon_core.shell:Creating prefix chain script '/home/virtual/project/webots_ros2/simple/install/setup.ps1'
[27.292s] INFO:colcon.colcon_core.shell:Creating prefix script '/home/virtual/project/webots_ros2/simple/install/local_setup.sh'
[27.294s] INFO:colcon.colcon_core.shell:Creating prefix util module '/home/virtual/project/webots_ros2/simple/install/_local_setup_util_sh.py'
[27.295s] INFO:colcon.colcon_core.shell:Creating prefix chain script '/home/virtual/project/webots_ros2/simple/install/setup.sh'
[27.298s] INFO:colcon.colcon_core.shell:Creating prefix script '/home/virtual/project/webots_ros2/simple/install/local_setup.bash'
[27.299s] INFO:colcon.colcon_core.shell:Creating prefix chain script '/home/virtual/project/webots_ros2/simple/install/setup.bash'
[27.301s] INFO:colcon.colcon_core.shell:Creating prefix script '/home/virtual/project/webots_ros2/simple/install/local_setup.zsh'
[27.302s] INFO:colcon.colcon_core.shell:Creating prefix chain script '/home/virtual/project/webots_ros2/simple/install/setup.zsh'
