[35m[1mConsolidate compiler generated dependencies of target obstacle_avoider[0m
[35m[1mConsolidate compiler generated dependencies of target my_package[0m
[ 25%] [32mBuilding CXX object CMakeFiles/obstacle_avoider.dir/src/ObstacleAvoider.cpp.o[0m
[ 50%] [32mBuilding CXX object CMakeFiles/my_package.dir/src/MyRobotDriver.cpp.o[0m
[ 75%] [32m[1mLinking CXX executable obstacle_avoider[0m
[100%] [32m[1mLinking CXX shared library libmy_package.so[0m
[100%] Built target obstacle_avoider
[100%] Built target my_package
-- Install configuration: ""
-- Up-to-date: /home/virtual/project/webots_ros2/simple/install/my_package/share/my_package/my_robot_driver.xml
-- Installing: /home/virtual/project/webots_ros2/simple/install/my_package/lib/my_package/obstacle_avoider
-- Set runtime path of "/home/virtual/project/webots_ros2/simple/install/my_package/lib/my_package/obstacle_avoider" to ""
-- Installing: /home/virtual/project/webots_ros2/simple/install/my_package/include
-- Installing: /home/virtual/project/webots_ros2/simple/install/my_package/include/my_package
-- Installing: /home/virtual/project/webots_ros2/simple/install/my_package/include/my_package/MyRobotDriver.hpp
-- Installing: /home/virtual/project/webots_ros2/simple/install/my_package/include/my_package/ObstacleAvoider.hpp
-- Installing: /home/virtual/project/webots_ros2/simple/install/my_package/lib/libmy_package.so
-- Set runtime path of "/home/virtual/project/webots_ros2/simple/install/my_package/lib/libmy_package.so" to ""
-- Up-to-date: /home/virtual/project/webots_ros2/simple/install/my_package/share/my_package//launch
-- Installing: /home/virtual/project/webots_ros2/simple/install/my_package/share/my_package//launch/robot_launch.py
-- Up-to-date: /home/virtual/project/webots_ros2/simple/install/my_package/share/my_package//resource
-- Installing: /home/virtual/project/webots_ros2/simple/install/my_package/share/my_package//resource/my_robot.urdf
-- Up-to-date: /home/virtual/project/webots_ros2/simple/install/my_package/share/my_package//worlds
-- Up-to-date: /home/virtual/project/webots_ros2/simple/install/my_package/share/my_package//worlds/my_world.wbt
-- Up-to-date: /home/virtual/project/webots_ros2/simple/install/my_package/share/my_package/environment/library_path.sh
-- Installing: /home/virtual/project/webots_ros2/simple/install/my_package/share/my_package/environment/library_path.dsv
-- Up-to-date: /home/virtual/project/webots_ros2/simple/install/my_package/share/ament_index/resource_index/package_run_dependencies/my_package
-- Installing: /home/virtual/project/webots_ros2/simple/install/my_package/share/ament_index/resource_index/parent_prefix_path/my_package
-- Up-to-date: /home/virtual/project/webots_ros2/simple/install/my_package/share/my_package/environment/ament_prefix_path.sh
-- Installing: /home/virtual/project/webots_ros2/simple/install/my_package/share/my_package/environment/ament_prefix_path.dsv
-- Up-to-date: /home/virtual/project/webots_ros2/simple/install/my_package/share/my_package/environment/path.sh
-- Installing: /home/virtual/project/webots_ros2/simple/install/my_package/share/my_package/environment/path.dsv
-- Up-to-date: /home/virtual/project/webots_ros2/simple/install/my_package/share/my_package/local_setup.bash
-- Up-to-date: /home/virtual/project/webots_ros2/simple/install/my_package/share/my_package/local_setup.sh
-- Up-to-date: /home/virtual/project/webots_ros2/simple/install/my_package/share/my_package/local_setup.zsh
-- Installing: /home/virtual/project/webots_ros2/simple/install/my_package/share/my_package/local_setup.dsv
-- Installing: /home/virtual/project/webots_ros2/simple/install/my_package/share/my_package/package.dsv
-- Up-to-date: /home/virtual/project/webots_ros2/simple/install/my_package/share/ament_index/resource_index/packages/my_package
-- Up-to-date: /home/virtual/project/webots_ros2/simple/install/my_package/share/ament_index/resource_index/webots_ros2_driver__pluginlib__plugin/my_package
-- Up-to-date: /home/virtual/project/webots_ros2/simple/install/my_package/share/my_package/cmake/ament_cmake_export_include_directories-extras.cmake
-- Up-to-date: /home/virtual/project/webots_ros2/simple/install/my_package/share/my_package/cmake/ament_cmake_export_libraries-extras.cmake
-- Up-to-date: /home/virtual/project/webots_ros2/simple/install/my_package/share/my_package/cmake/my_packageConfig.cmake
-- Up-to-date: /home/virtual/project/webots_ros2/simple/install/my_package/share/my_package/cmake/my_packageConfig-version.cmake
-- Up-to-date: /home/virtual/project/webots_ros2/simple/install/my_package/share/my_package/package.xml
