[0.022s] Invoking command in '/home/virtual/project/webots_ros2/simple/build/my_package': CMAKE_PREFIX_PATH=/opt/ros/humble /usr/bin/cmake --build /home/virtual/project/webots_ros2/simple/build/my_package -- -j4 -l4
[0.104s] [35m[1mConsolidate compiler generated dependencies of target obstacle_avoider[0m
[0.110s] [35m[1mConsolidate compiler generated dependencies of target my_package[0m
[0.143s] [ 25%] [32mBuilding CXX object CMakeFiles/obstacle_avoider.dir/src/ObstacleAvoider.cpp.o[0m
[0.147s] [ 50%] [32mBuilding CXX object CMakeFiles/my_package.dir/src/MyRobotDriver.cpp.o[0m
[15.402s] [ 75%] [32m[1mLinking CXX executable obstacle_avoider[0m
[15.922s] [100%] [32m[1mLinking CXX shared library libmy_package.so[0m
[16.152s] [100%] Built target obstacle_avoider
[16.794s] [100%] Built target my_package
[16.819s] Invoked command in '/home/virtual/project/webots_ros2/simple/build/my_package' returned '0': CMAKE_PREFIX_PATH=/opt/ros/humble /usr/bin/cmake --build /home/virtual/project/webots_ros2/simple/build/my_package -- -j4 -l4
[16.837s] Invoking command in '/home/virtual/project/webots_ros2/simple/build/my_package': CMAKE_PREFIX_PATH=/opt/ros/humble /usr/bin/cmake --install /home/virtual/project/webots_ros2/simple/build/my_package
[16.852s] -- Install configuration: ""
[16.852s] -- Up-to-date: /home/virtual/project/webots_ros2/simple/install/my_package/share/my_package/my_robot_driver.xml
[16.852s] -- Installing: /home/virtual/project/webots_ros2/simple/install/my_package/lib/my_package/obstacle_avoider
[16.862s] -- Set runtime path of "/home/virtual/project/webots_ros2/simple/install/my_package/lib/my_package/obstacle_avoider" to ""
[16.862s] -- Installing: /home/virtual/project/webots_ros2/simple/install/my_package/include
[16.862s] -- Installing: /home/virtual/project/webots_ros2/simple/install/my_package/include/my_package
[16.863s] -- Installing: /home/virtual/project/webots_ros2/simple/install/my_package/include/my_package/MyRobotDriver.hpp
[16.863s] -- Installing: /home/virtual/project/webots_ros2/simple/install/my_package/include/my_package/ObstacleAvoider.hpp
[16.863s] -- Installing: /home/virtual/project/webots_ros2/simple/install/my_package/lib/libmy_package.so
[16.882s] -- Set runtime path of "/home/virtual/project/webots_ros2/simple/install/my_package/lib/libmy_package.so" to ""
[16.882s] -- Up-to-date: /home/virtual/project/webots_ros2/simple/install/my_package/share/my_package//launch
[16.883s] -- Installing: /home/virtual/project/webots_ros2/simple/install/my_package/share/my_package//launch/robot_launch.py
[16.883s] -- Up-to-date: /home/virtual/project/webots_ros2/simple/install/my_package/share/my_package//resource
[16.883s] -- Installing: /home/virtual/project/webots_ros2/simple/install/my_package/share/my_package//resource/my_robot.urdf
[16.883s] -- Up-to-date: /home/virtual/project/webots_ros2/simple/install/my_package/share/my_package//worlds
[16.884s] -- Up-to-date: /home/virtual/project/webots_ros2/simple/install/my_package/share/my_package//worlds/my_world.wbt
[16.884s] -- Up-to-date: /home/virtual/project/webots_ros2/simple/install/my_package/share/my_package/environment/library_path.sh
[16.884s] -- Installing: /home/virtual/project/webots_ros2/simple/install/my_package/share/my_package/environment/library_path.dsv
[16.884s] -- Up-to-date: /home/virtual/project/webots_ros2/simple/install/my_package/share/ament_index/resource_index/package_run_dependencies/my_package
[16.885s] -- Installing: /home/virtual/project/webots_ros2/simple/install/my_package/share/ament_index/resource_index/parent_prefix_path/my_package
[16.885s] -- Up-to-date: /home/virtual/project/webots_ros2/simple/install/my_package/share/my_package/environment/ament_prefix_path.sh
[16.885s] -- Installing: /home/virtual/project/webots_ros2/simple/install/my_package/share/my_package/environment/ament_prefix_path.dsv
[16.885s] -- Up-to-date: /home/virtual/project/webots_ros2/simple/install/my_package/share/my_package/environment/path.sh
[16.885s] -- Installing: /home/virtual/project/webots_ros2/simple/install/my_package/share/my_package/environment/path.dsv
[16.885s] -- Up-to-date: /home/virtual/project/webots_ros2/simple/install/my_package/share/my_package/local_setup.bash
[16.886s] -- Up-to-date: /home/virtual/project/webots_ros2/simple/install/my_package/share/my_package/local_setup.sh
[16.886s] -- Up-to-date: /home/virtual/project/webots_ros2/simple/install/my_package/share/my_package/local_setup.zsh
[16.886s] -- Installing: /home/virtual/project/webots_ros2/simple/install/my_package/share/my_package/local_setup.dsv
[16.886s] -- Installing: /home/virtual/project/webots_ros2/simple/install/my_package/share/my_package/package.dsv
[16.887s] -- Up-to-date: /home/virtual/project/webots_ros2/simple/install/my_package/share/ament_index/resource_index/packages/my_package
[16.887s] -- Up-to-date: /home/virtual/project/webots_ros2/simple/install/my_package/share/ament_index/resource_index/webots_ros2_driver__pluginlib__plugin/my_package
[16.887s] -- Up-to-date: /home/virtual/project/webots_ros2/simple/install/my_package/share/my_package/cmake/ament_cmake_export_include_directories-extras.cmake
[16.887s] -- Up-to-date: /home/virtual/project/webots_ros2/simple/install/my_package/share/my_package/cmake/ament_cmake_export_libraries-extras.cmake
[16.887s] -- Up-to-date: /home/virtual/project/webots_ros2/simple/install/my_package/share/my_package/cmake/my_packageConfig.cmake
[16.887s] -- Up-to-date: /home/virtual/project/webots_ros2/simple/install/my_package/share/my_package/cmake/my_packageConfig-version.cmake
[16.887s] -- Up-to-date: /home/virtual/project/webots_ros2/simple/install/my_package/share/my_package/package.xml
[16.890s] Invoked command in '/home/virtual/project/webots_ros2/simple/build/my_package' returned '0': CMAKE_PREFIX_PATH=/opt/ros/humble /usr/bin/cmake --install /home/virtual/project/webots_ros2/simple/build/my_package
