[0.196s] DEBUG:colcon:Command line arguments: ['/usr/bin/colcon', 'build']
[0.196s] DEBUG:colcon:Parsed command line arguments: Namespace(log_base=None, log_level=None, verb_name='build', build_base='build', install_base='install', merge_install=False, symlink_install=False, test_result_base=None, continue_on_error=False, executor='parallel', parallel_workers=4, event_handlers=None, ignore_user_meta=False, metas=['./colcon.meta'], base_paths=['.'], packages_ignore=None, packages_ignore_regex=None, paths=None, packages_up_to=None, packages_up_to_regex=None, packages_above=None, packages_above_and_dependencies=None, packages_above_depth=None, packages_select_by_dep=None, packages_skip_by_dep=None, packages_skip_up_to=None, packages_select_build_failed=False, packages_skip_build_finished=False, packages_select_test_failures=False, packages_skip_test_passed=False, packages_select=None, packages_skip=None, packages_select_regex=None, packages_skip_regex=None, packages_start=None, packages_end=None, allow_overriding=[], cmake_args=None, cmake_target=None, cmake_target_skip_unavailable=False, cmake_clean_cache=False, cmake_clean_first=False, cmake_force_configure=False, ament_cmake_args=None, catkin_cmake_args=None, catkin_skip_building_tests=False, mixin_files=None, mixin=None, verb_parser=<colcon_mixin.mixin.mixin_argument.MixinArgumentDecorator object at 0x7338ad7565c0>, verb_extension=<colcon_core.verb.build.BuildVerb object at 0x7338ad756020>, main=<bound method BuildVerb.main of <colcon_core.verb.build.BuildVerb object at 0x7338ad756020>>, mixin_verb=('build',))
[0.504s] Level 1:colcon.colcon_core.package_discovery:discover_packages(colcon_meta) check parameters
[0.505s] Level 1:colcon.colcon_core.package_discovery:discover_packages(recursive) check parameters
[0.505s] Level 1:colcon.colcon_core.package_discovery:discover_packages(ignore) check parameters
[0.505s] Level 1:colcon.colcon_core.package_discovery:discover_packages(path) check parameters
[0.505s] Level 1:colcon.colcon_core.package_discovery:discover_packages(colcon_meta) discover
[0.505s] Level 1:colcon.colcon_core.package_discovery:discover_packages(recursive) discover
[0.505s] INFO:colcon.colcon_core.package_discovery:Crawling recursively for packages in '/home/virtual/project/webots_ros2/simple'
[0.505s] Level 1:colcon.colcon_core.package_identification:_identify(.) by extensions ['ignore', 'ignore_ament_install']
[0.505s] Level 1:colcon.colcon_core.package_identification:_identify(.) by extension 'ignore'
[0.505s] Level 1:colcon.colcon_core.package_identification:_identify(.) by extension 'ignore_ament_install'
[0.506s] Level 1:colcon.colcon_core.package_identification:_identify(.) by extensions ['colcon_pkg']
[0.506s] Level 1:colcon.colcon_core.package_identification:_identify(.) by extension 'colcon_pkg'
[0.506s] Level 1:colcon.colcon_core.package_identification:_identify(.) by extensions ['colcon_meta']
[0.506s] Level 1:colcon.colcon_core.package_identification:_identify(.) by extension 'colcon_meta'
[0.506s] Level 1:colcon.colcon_core.package_identification:_identify(.) by extensions ['ros']
[0.506s] Level 1:colcon.colcon_core.package_identification:_identify(.) by extension 'ros'
[0.525s] Level 1:colcon.colcon_core.package_identification:_identify(.) by extensions ['cmake', 'python']
[0.525s] Level 1:colcon.colcon_core.package_identification:_identify(.) by extension 'cmake'
[0.526s] Level 1:colcon.colcon_core.package_identification:_identify(.) by extension 'python'
[0.526s] Level 1:colcon.colcon_core.package_identification:_identify(.) by extensions ['python_setup_py']
[0.526s] Level 1:colcon.colcon_core.package_identification:_identify(.) by extension 'python_setup_py'
[0.526s] Level 1:colcon.colcon_core.package_identification:_identify(build) by extensions ['ignore', 'ignore_ament_install']
[0.526s] Level 1:colcon.colcon_core.package_identification:_identify(build) by extension 'ignore'
[0.526s] Level 1:colcon.colcon_core.package_identification:_identify(build) ignored
[0.527s] Level 1:colcon.colcon_core.package_identification:_identify(install) by extensions ['ignore', 'ignore_ament_install']
[0.527s] Level 1:colcon.colcon_core.package_identification:_identify(install) by extension 'ignore'
[0.527s] Level 1:colcon.colcon_core.package_identification:_identify(install) ignored
[0.527s] Level 1:colcon.colcon_core.package_identification:_identify(log) by extensions ['ignore', 'ignore_ament_install']
[0.527s] Level 1:colcon.colcon_core.package_identification:_identify(log) by extension 'ignore'
[0.527s] Level 1:colcon.colcon_core.package_identification:_identify(log) ignored
[0.528s] Level 1:colcon.colcon_core.package_identification:_identify(src) by extensions ['ignore', 'ignore_ament_install']
[0.528s] Level 1:colcon.colcon_core.package_identification:_identify(src) by extension 'ignore'
[0.528s] Level 1:colcon.colcon_core.package_identification:_identify(src) by extension 'ignore_ament_install'
[0.528s] Level 1:colcon.colcon_core.package_identification:_identify(src) by extensions ['colcon_pkg']
[0.528s] Level 1:colcon.colcon_core.package_identification:_identify(src) by extension 'colcon_pkg'
[0.528s] Level 1:colcon.colcon_core.package_identification:_identify(src) by extensions ['colcon_meta']
[0.528s] Level 1:colcon.colcon_core.package_identification:_identify(src) by extension 'colcon_meta'
[0.528s] Level 1:colcon.colcon_core.package_identification:_identify(src) by extensions ['ros']
[0.528s] Level 1:colcon.colcon_core.package_identification:_identify(src) by extension 'ros'
[0.529s] Level 1:colcon.colcon_core.package_identification:_identify(src) by extensions ['cmake', 'python']
[0.529s] Level 1:colcon.colcon_core.package_identification:_identify(src) by extension 'cmake'
[0.529s] Level 1:colcon.colcon_core.package_identification:_identify(src) by extension 'python'
[0.529s] Level 1:colcon.colcon_core.package_identification:_identify(src) by extensions ['python_setup_py']
[0.529s] Level 1:colcon.colcon_core.package_identification:_identify(src) by extension 'python_setup_py'
[0.529s] Level 1:colcon.colcon_core.package_identification:_identify(src/my_package) by extensions ['ignore', 'ignore_ament_install']
[0.530s] Level 1:colcon.colcon_core.package_identification:_identify(src/my_package) by extension 'ignore'
[0.530s] Level 1:colcon.colcon_core.package_identification:_identify(src/my_package) by extension 'ignore_ament_install'
[0.530s] Level 1:colcon.colcon_core.package_identification:_identify(src/my_package) by extensions ['colcon_pkg']
[0.530s] Level 1:colcon.colcon_core.package_identification:_identify(src/my_package) by extension 'colcon_pkg'
[0.530s] Level 1:colcon.colcon_core.package_identification:_identify(src/my_package) by extensions ['colcon_meta']
[0.530s] Level 1:colcon.colcon_core.package_identification:_identify(src/my_package) by extension 'colcon_meta'
[0.530s] Level 1:colcon.colcon_core.package_identification:_identify(src/my_package) by extensions ['ros']
[0.530s] Level 1:colcon.colcon_core.package_identification:_identify(src/my_package) by extension 'ros'
[0.534s] DEBUG:colcon.colcon_core.package_identification:Package 'src/my_package' with type 'ros.ament_cmake' and name 'my_package'
[0.534s] Level 1:colcon.colcon_core.package_discovery:discover_packages(recursive) using defaults
[0.535s] Level 1:colcon.colcon_core.package_discovery:discover_packages(ignore) discover
[0.535s] Level 1:colcon.colcon_core.package_discovery:discover_packages(ignore) using defaults
[0.535s] Level 1:colcon.colcon_core.package_discovery:discover_packages(path) discover
[0.535s] Level 1:colcon.colcon_core.package_discovery:discover_packages(path) using defaults
[0.583s] Level 1:colcon.colcon_core.package_discovery:discover_packages(prefix_path) check parameters
[0.583s] Level 1:colcon.colcon_core.package_discovery:discover_packages(prefix_path) discover
[0.588s] DEBUG:colcon.colcon_installed_package_information.package_discovery:Found 301 installed packages in /opt/ros/humble
[0.591s] Level 1:colcon.colcon_core.package_discovery:discover_packages(prefix_path) using defaults
[0.665s] Level 5:colcon.colcon_core.verb:set package 'my_package' build argument 'cmake_args' from command line to 'None'
[0.666s] Level 5:colcon.colcon_core.verb:set package 'my_package' build argument 'cmake_target' from command line to 'None'
[0.666s] Level 5:colcon.colcon_core.verb:set package 'my_package' build argument 'cmake_target_skip_unavailable' from command line to 'False'
[0.666s] Level 5:colcon.colcon_core.verb:set package 'my_package' build argument 'cmake_clean_cache' from command line to 'False'
[0.666s] Level 5:colcon.colcon_core.verb:set package 'my_package' build argument 'cmake_clean_first' from command line to 'False'
[0.666s] Level 5:colcon.colcon_core.verb:set package 'my_package' build argument 'cmake_force_configure' from command line to 'False'
[0.666s] Level 5:colcon.colcon_core.verb:set package 'my_package' build argument 'ament_cmake_args' from command line to 'None'
[0.666s] Level 5:colcon.colcon_core.verb:set package 'my_package' build argument 'catkin_cmake_args' from command line to 'None'
[0.666s] Level 5:colcon.colcon_core.verb:set package 'my_package' build argument 'catkin_skip_building_tests' from command line to 'False'
[0.666s] DEBUG:colcon.colcon_core.verb:Building package 'my_package' with the following arguments: {'ament_cmake_args': None, 'build_base': '/home/virtual/project/webots_ros2/simple/build/my_package', 'catkin_cmake_args': None, 'catkin_skip_building_tests': False, 'cmake_args': None, 'cmake_clean_cache': False, 'cmake_clean_first': False, 'cmake_force_configure': False, 'cmake_target': None, 'cmake_target_skip_unavailable': False, 'install_base': '/home/virtual/project/webots_ros2/simple/install/my_package', 'merge_install': False, 'path': '/home/virtual/project/webots_ros2/simple/src/my_package', 'symlink_install': False, 'test_result_base': None}
[0.666s] INFO:colcon.colcon_core.executor:Executing jobs using 'parallel' executor
[0.668s] DEBUG:colcon.colcon_parallel_executor.executor.parallel:run_until_complete
[0.669s] INFO:colcon.colcon_ros.task.ament_cmake.build:Building ROS package in '/home/virtual/project/webots_ros2/simple/src/my_package' with build type 'ament_cmake'
[0.669s] INFO:colcon.colcon_cmake.task.cmake.build:Building CMake package in '/home/virtual/project/webots_ros2/simple/src/my_package'
[0.672s] INFO:colcon.colcon_core.plugin_system:Skipping extension 'colcon_core.shell.bat': Not used on non-Windows systems
[0.673s] INFO:colcon.colcon_core.shell:Skip shell extension 'powershell' for command environment: Not usable outside of PowerShell
[0.673s] DEBUG:colcon.colcon_core.shell:Skip shell extension 'dsv' for command environment
[0.692s] DEBUG:colcon.colcon_core.event_handler.log_command:Invoking command in '/home/virtual/project/webots_ros2/simple/build/my_package': CMAKE_PREFIX_PATH=/opt/ros/humble /usr/bin/cmake --build /home/virtual/project/webots_ros2/simple/build/my_package -- -j4 -l4
[17.489s] DEBUG:colcon.colcon_core.event_handler.log_command:Invoked command in '/home/virtual/project/webots_ros2/simple/build/my_package' returned '0': CMAKE_PREFIX_PATH=/opt/ros/humble /usr/bin/cmake --build /home/virtual/project/webots_ros2/simple/build/my_package -- -j4 -l4
[17.507s] DEBUG:colcon.colcon_core.event_handler.log_command:Invoking command in '/home/virtual/project/webots_ros2/simple/build/my_package': CMAKE_PREFIX_PATH=/opt/ros/humble /usr/bin/cmake --install /home/virtual/project/webots_ros2/simple/build/my_package
[17.559s] Level 1:colcon.colcon_core.environment:create_environment_scripts_only(my_package)
[17.560s] DEBUG:colcon.colcon_core.event_handler.log_command:Invoked command in '/home/virtual/project/webots_ros2/simple/build/my_package' returned '0': CMAKE_PREFIX_PATH=/opt/ros/humble /usr/bin/cmake --install /home/virtual/project/webots_ros2/simple/build/my_package
[17.564s] Level 1:colcon.colcon_core.environment:checking '/home/virtual/project/webots_ros2/simple/install/my_package' for CMake module files
[17.565s] Level 1:colcon.colcon_core.environment:checking '/home/virtual/project/webots_ros2/simple/install/my_package' for CMake config files
[17.566s] Level 1:colcon.colcon_core.shell:create_environment_hook('my_package', 'cmake_prefix_path')
[17.566s] INFO:colcon.colcon_core.shell:Creating environment hook '/home/virtual/project/webots_ros2/simple/install/my_package/share/my_package/hook/cmake_prefix_path.ps1'
[17.567s] INFO:colcon.colcon_core.shell:Creating environment descriptor '/home/virtual/project/webots_ros2/simple/install/my_package/share/my_package/hook/cmake_prefix_path.dsv'
[17.569s] INFO:colcon.colcon_core.shell:Creating environment hook '/home/virtual/project/webots_ros2/simple/install/my_package/share/my_package/hook/cmake_prefix_path.sh'
[17.570s] Level 1:colcon.colcon_core.environment:checking '/home/virtual/project/webots_ros2/simple/install/my_package/lib'
[17.571s] Level 1:colcon.colcon_core.shell:create_environment_hook('my_package', 'ld_library_path_lib')
[17.572s] INFO:colcon.colcon_core.shell:Creating environment hook '/home/virtual/project/webots_ros2/simple/install/my_package/share/my_package/hook/ld_library_path_lib.ps1'
[17.573s] INFO:colcon.colcon_core.shell:Creating environment descriptor '/home/virtual/project/webots_ros2/simple/install/my_package/share/my_package/hook/ld_library_path_lib.dsv'
[17.574s] INFO:colcon.colcon_core.shell:Creating environment hook '/home/virtual/project/webots_ros2/simple/install/my_package/share/my_package/hook/ld_library_path_lib.sh'
[17.575s] Level 1:colcon.colcon_core.environment:checking '/home/virtual/project/webots_ros2/simple/install/my_package/bin'
[17.575s] Level 1:colcon.colcon_core.environment:checking '/home/virtual/project/webots_ros2/simple/install/my_package/lib/pkgconfig/my_package.pc'
[17.575s] Level 1:colcon.colcon_core.environment:checking '/home/virtual/project/webots_ros2/simple/install/my_package/lib/python3.10/site-packages'
[17.576s] Level 1:colcon.colcon_core.environment:checking '/home/virtual/project/webots_ros2/simple/install/my_package/bin'
[17.576s] INFO:colcon.colcon_core.shell:Creating package script '/home/virtual/project/webots_ros2/simple/install/my_package/share/my_package/package.ps1'
[17.578s] INFO:colcon.colcon_core.shell:Creating package descriptor '/home/virtual/project/webots_ros2/simple/install/my_package/share/my_package/package.dsv'
[17.579s] INFO:colcon.colcon_core.shell:Creating package script '/home/virtual/project/webots_ros2/simple/install/my_package/share/my_package/package.sh'
[17.580s] INFO:colcon.colcon_core.shell:Creating package script '/home/virtual/project/webots_ros2/simple/install/my_package/share/my_package/package.bash'
[17.582s] INFO:colcon.colcon_core.shell:Creating package script '/home/virtual/project/webots_ros2/simple/install/my_package/share/my_package/package.zsh'
[17.583s] Level 1:colcon.colcon_core.environment:create_file_with_runtime_dependencies(/home/virtual/project/webots_ros2/simple/install/my_package/share/colcon-core/packages/my_package)
[17.585s] Level 1:colcon.colcon_core.environment:create_environment_scripts_only(my_package)
[17.585s] Level 1:colcon.colcon_core.environment:checking '/home/virtual/project/webots_ros2/simple/install/my_package' for CMake module files
[17.586s] Level 1:colcon.colcon_core.environment:checking '/home/virtual/project/webots_ros2/simple/install/my_package' for CMake config files
[17.587s] Level 1:colcon.colcon_core.shell:create_environment_hook('my_package', 'cmake_prefix_path')
[17.587s] INFO:colcon.colcon_core.shell:Creating environment hook '/home/virtual/project/webots_ros2/simple/install/my_package/share/my_package/hook/cmake_prefix_path.ps1'
[17.588s] INFO:colcon.colcon_core.shell:Creating environment descriptor '/home/virtual/project/webots_ros2/simple/install/my_package/share/my_package/hook/cmake_prefix_path.dsv'
[17.589s] INFO:colcon.colcon_core.shell:Creating environment hook '/home/virtual/project/webots_ros2/simple/install/my_package/share/my_package/hook/cmake_prefix_path.sh'
[17.590s] Level 1:colcon.colcon_core.environment:checking '/home/virtual/project/webots_ros2/simple/install/my_package/lib'
[17.591s] Level 1:colcon.colcon_core.shell:create_environment_hook('my_package', 'ld_library_path_lib')
[17.591s] INFO:colcon.colcon_core.shell:Creating environment hook '/home/virtual/project/webots_ros2/simple/install/my_package/share/my_package/hook/ld_library_path_lib.ps1'
[17.592s] INFO:colcon.colcon_core.shell:Creating environment descriptor '/home/virtual/project/webots_ros2/simple/install/my_package/share/my_package/hook/ld_library_path_lib.dsv'
[17.593s] INFO:colcon.colcon_core.shell:Creating environment hook '/home/virtual/project/webots_ros2/simple/install/my_package/share/my_package/hook/ld_library_path_lib.sh'
[17.594s] Level 1:colcon.colcon_core.environment:checking '/home/virtual/project/webots_ros2/simple/install/my_package/bin'
[17.594s] Level 1:colcon.colcon_core.environment:checking '/home/virtual/project/webots_ros2/simple/install/my_package/lib/pkgconfig/my_package.pc'
[17.595s] Level 1:colcon.colcon_core.environment:checking '/home/virtual/project/webots_ros2/simple/install/my_package/lib/python3.10/site-packages'
[17.595s] Level 1:colcon.colcon_core.environment:checking '/home/virtual/project/webots_ros2/simple/install/my_package/bin'
[17.596s] INFO:colcon.colcon_core.shell:Creating package script '/home/virtual/project/webots_ros2/simple/install/my_package/share/my_package/package.ps1'
[17.597s] INFO:colcon.colcon_core.shell:Creating package descriptor '/home/virtual/project/webots_ros2/simple/install/my_package/share/my_package/package.dsv'
[17.598s] INFO:colcon.colcon_core.shell:Creating package script '/home/virtual/project/webots_ros2/simple/install/my_package/share/my_package/package.sh'
[17.598s] INFO:colcon.colcon_core.shell:Creating package script '/home/virtual/project/webots_ros2/simple/install/my_package/share/my_package/package.bash'
[17.599s] INFO:colcon.colcon_core.shell:Creating package script '/home/virtual/project/webots_ros2/simple/install/my_package/share/my_package/package.zsh'
[17.600s] Level 1:colcon.colcon_core.environment:create_file_with_runtime_dependencies(/home/virtual/project/webots_ros2/simple/install/my_package/share/colcon-core/packages/my_package)
[17.601s] DEBUG:colcon.colcon_parallel_executor.executor.parallel:closing loop
[17.601s] DEBUG:colcon.colcon_parallel_executor.executor.parallel:loop closed
[17.602s] DEBUG:colcon.colcon_parallel_executor.executor.parallel:run_until_complete finished with '0'
[17.602s] DEBUG:colcon.colcon_core.event_reactor:joining thread
[17.611s] INFO:colcon.colcon_core.plugin_system:Skipping extension 'colcon_notification.desktop_notification.terminal_notifier': Not used on non-Darwin systems
[17.611s] INFO:colcon.colcon_core.plugin_system:Skipping extension 'colcon_notification.desktop_notification.win32': Not used on non-Windows systems
[17.612s] INFO:colcon.colcon_notification.desktop_notification:Sending desktop notification using 'notify2'
[17.631s] DEBUG:colcon.colcon_core.event_reactor:joined thread
[17.632s] INFO:colcon.colcon_core.shell:Creating prefix script '/home/virtual/project/webots_ros2/simple/install/local_setup.ps1'
[17.634s] INFO:colcon.colcon_core.shell:Creating prefix util module '/home/virtual/project/webots_ros2/simple/install/_local_setup_util_ps1.py'
[17.636s] INFO:colcon.colcon_core.shell:Creating prefix chain script '/home/virtual/project/webots_ros2/simple/install/setup.ps1'
[17.638s] INFO:colcon.colcon_core.shell:Creating prefix script '/home/virtual/project/webots_ros2/simple/install/local_setup.sh'
[17.639s] INFO:colcon.colcon_core.shell:Creating prefix util module '/home/virtual/project/webots_ros2/simple/install/_local_setup_util_sh.py'
[17.641s] INFO:colcon.colcon_core.shell:Creating prefix chain script '/home/virtual/project/webots_ros2/simple/install/setup.sh'
[17.643s] INFO:colcon.colcon_core.shell:Creating prefix script '/home/virtual/project/webots_ros2/simple/install/local_setup.bash'
[17.644s] INFO:colcon.colcon_core.shell:Creating prefix chain script '/home/virtual/project/webots_ros2/simple/install/setup.bash'
[17.645s] INFO:colcon.colcon_core.shell:Creating prefix script '/home/virtual/project/webots_ros2/simple/install/local_setup.zsh'
[17.646s] INFO:colcon.colcon_core.shell:Creating prefix chain script '/home/virtual/project/webots_ros2/simple/install/setup.zsh'
