[0.024s] Invoking command in '/home/virtual/project/webots_ros2/simple/build/my_package': CMAKE_PREFIX_PATH=/opt/ros/humble /usr/bin/cmake --build /home/virtual/project/webots_ros2/simple/build/my_package -- -j4 -l4
[0.076s] -- Found ament_cmake: 1.3.11 (/opt/ros/humble/share/ament_cmake/cmake)
[0.295s] -- Found rclcpp: 16.0.11 (/opt/ros/humble/share/rclcpp/cmake)
[0.346s] -- Found rosidl_generator_c: 3.1.6 (/opt/ros/humble/share/rosidl_generator_c/cmake)
[0.349s] -- Found rosidl_adapter: 3.1.6 (/opt/ros/humble/share/rosidl_adapter/cmake)
[0.358s] -- Found rosidl_generator_cpp: 3.1.6 (/opt/ros/humble/share/rosidl_generator_cpp/cmake)
[0.373s] -- Using all available rosidl_typesupport_c: rosidl_typesupport_fastrtps_c;rosidl_typesupport_introspection_c
[0.393s] -- Using all available rosidl_typesupport_cpp: rosidl_typesupport_fastrtps_cpp;rosidl_typesupport_introspection_cpp
[0.449s] -- Found rmw_implementation_cmake: 6.1.2 (/opt/ros/humble/share/rmw_implementation_cmake/cmake)
[0.451s] -- Found rmw_fastrtps_cpp: 6.2.7 (/opt/ros/humble/share/rmw_fastrtps_cpp/cmake)
[0.644s] -- Using RMW implementation 'rmw_fastrtps_cpp' as default
[0.721s] -- Found geometry_msgs: 4.2.4 (/opt/ros/humble/share/geometry_msgs/cmake)
[0.739s] -- Found pluginlib: 5.1.0 (/opt/ros/humble/share/pluginlib/cmake)
[0.768s] -- Found webots_ros2_driver: 2023.1.3 (/home/virtual/project/webots_ros2/webots_ros2_test/install/webots_ros2_driver/share/webots_ros2_driver/cmake)
[0.812s] -- Found eigen3_cmake_module: 0.1.1 (/opt/ros/humble/share/eigen3_cmake_module/cmake)
[0.814s] -- Ensuring Eigen3 include directory is part of orocos-kdl CMake target
[1.164s] -- Configuring done
[1.172s] [31mCMake Error at CMakeLists.txt:23 (add_executable):
[1.172s]   Cannot find source file:
[1.172s] 
[1.172s]     src/ObstacleAvoider.cpp
[1.173s] 
[1.173s]   Tried extensions .c .C .c++ .cc .cpp .cxx .cu .mpp .m .M .mm .ixx .cppm .h
[1.173s]   .hh .h++ .hm .hpp .hxx .in .txx .f .F .for .f77 .f90 .f95 .f03 .hip .ispc
[1.173s] 
[1.173s] [0m
[1.177s] [31mCMake Error at CMakeLists.txt:23 (add_executable):
[1.178s]   No SOURCES given to target: obstacle_avoider
[1.178s] 
[1.178s] [0m
[1.178s] [0mCMake Generate step failed.  Build files cannot be regenerated correctly.[0m
[1.192s] gmake: *** [Makefile:267: cmake_check_build_system] Error 1
[1.196s] Invoked command in '/home/virtual/project/webots_ros2/simple/build/my_package' returned '2': CMAKE_PREFIX_PATH=/opt/ros/humble /usr/bin/cmake --build /home/virtual/project/webots_ros2/simple/build/my_package -- -j4 -l4
